# JRE version: OpenJDK Runtime Environment (11.0.11+9) (build 11.0.11+9-b60-7590822)
# Java VM: OpenJDK 64-Bit Server VM (11.0.11+9-b60-7590822, mixed mode, tiered, compressed oops, g1 gc, windows-amd64)
Heap:
 garbage-first heap   total 187392K, used 75135K [0x0000000080000000, 0x0000000100000000)
  region size 1024K, 12 young (12288K), 10 survivors (10240K)
 Metaspace       used 84103K, capacity 86045K, committed 86092K, reserved 1124352K
  class space    used 10804K, capacity 11553K, committed 11596K, reserved 1048576K
GC Heap History (20 events):
Event: 4.248 GC heap before
{Heap before GC invocations=6 (full 0):
 garbage-first heap   total 129024K, used 75430K [0x0000000080000000, 0x0000000100000000)
  region size 1024K, 58 young (59392K), 3 survivors (3072K)
 Metaspace       used 34631K, capacity 35414K, committed 35584K, reserved 1079296K
  class space    used 4518K, capacity 4832K, committed 4864K, reserved 1048576K
}
Event: 4.254 GC heap after
{Heap after GC invocations=7 (full 0):
 garbage-first heap   total 129024K, used 22576K [0x0000000080000000, 0x0000000100000000)
  region size 1024K, 6 young (6144K), 6 survivors (6144K)
 Metaspace       used 34631K, capacity 35414K, committed 35584K, reserved 1079296K
  class space    used 4518K, capacity 4832K, committed 4864K, reserved 1048576K
}
Event: 4.294 GC heap before
{Heap before GC invocations=7 (full 0):
 garbage-first heap   total 129024K, used 23600K [0x0000000080000000, 0x0000000100000000)
  region size 1024K, 8 young (8192K), 6 survivors (6144K)
 Metaspace       used 35067K, capacity 35830K, committed 35840K, reserved 1081344K
  class space    used 4545K, capacity 4864K, committed 4864K, reserved 1048576K
}
Event: 4.302 GC heap after
{Heap after GC invocations=8 (full 0):
 garbage-first heap   total 129024K, used 23047K [0x0000000080000000, 0x0000000100000000)
  region size 1024K, 4 young (4096K), 4 survivors (4096K)
 Metaspace       used 35067K, capacity 35830K, committed 35840K, reserved 1081344K
  class space    used 4545K, capacity 4864K, committed 4864K, reserved 1048576K
}
Event: 4.894 GC heap before
{Heap before GC invocations=9 (full 0):
 garbage-first heap   total 129024K, used 74247K [0x0000000080000000, 0x0000000100000000)
  region size 1024K, 52 young (53248K), 4 survivors (4096K)
 Metaspace       used 38685K, capacity 39567K, committed 39884K, reserved 1083392K
  class space    used 4930K, capacity 5251K, committed 5324K, reserved 1048576K
}
Event: 4.903 GC heap after
{Heap after GC invocations=10 (full 0):
 garbage-first heap   total 155648K, used 27091K [0x0000000080000000, 0x0000000100000000)
  region size 1024K, 7 young (7168K), 7 survivors (7168K)
 Metaspace       used 38685K, capacity 39567K, committed 39884K, reserved 1083392K
  class space    used 4930K, capacity 5251K, committed 5324K, reserved 1048576K
}
Event: 5.691 GC heap before
{Heap before GC invocations=10 (full 0):
 garbage-first heap   total 155648K, used 88531K [0x0000000080000000, 0x0000000100000000)
  region size 1024K, 67 young (68608K), 7 survivors (7168K)
 Metaspace       used 43916K, capacity 44871K, committed 45004K, reserved 1087488K
  class space    used 5637K, capacity 5970K, committed 6092K, reserved 1048576K
}
Event: 5.701 GC heap after
{Heap after GC invocations=11 (full 0):
 garbage-first heap   total 155648K, used 29600K [0x0000000080000000, 0x0000000100000000)
  region size 1024K, 7 young (7168K), 7 survivors (7168K)
 Metaspace       used 43916K, capacity 44871K, committed 45004K, reserved 1087488K
  class space    used 5637K, capacity 5970K, committed 6092K, reserved 1048576K
}
Event: 7.033 GC heap before
{Heap before GC invocations=11 (full 0):
 garbage-first heap   total 155648K, used 101280K [0x0000000080000000, 0x0000000100000000)
  region size 1024K, 70 young (71680K), 7 survivors (7168K)
 Metaspace       used 47153K, capacity 48343K, committed 48460K, reserved 1091584K
  class space    used 6027K, capacity 6460K, committed 6476K, reserved 1048576K
}
Event: 7.042 GC heap after
{Heap after GC invocations=12 (full 0):
 garbage-first heap   total 155648K, used 46396K [0x0000000080000000, 0x0000000100000000)
  region size 1024K, 9 young (9216K), 9 survivors (9216K)
 Metaspace       used 47153K, capacity 48343K, committed 48460K, reserved 1091584K
  class space    used 6027K, capacity 6460K, committed 6476K, reserved 1048576K
}
Event: 8.505 GC heap before
{Heap before GC invocations=12 (full 0):
 garbage-first heap   total 155648K, used 105788K [0x0000000080000000, 0x0000000100000000)
  region size 1024K, 67 young (68608K), 9 survivors (9216K)
 Metaspace       used 54395K, capacity 55786K, committed 55884K, reserved 1097728K
  class space    used 6916K, capacity 7434K, committed 7500K, reserved 1048576K
}
Event: 8.515 GC heap after
{Heap after GC invocations=13 (full 0):
 garbage-first heap   total 155648K, used 51158K [0x0000000080000000, 0x0000000100000000)
  region size 1024K, 4 young (4096K), 4 survivors (4096K)
 Metaspace       used 54395K, capacity 55786K, committed 55884K, reserved 1097728K
  class space    used 6916K, capacity 7434K, committed 7500K, reserved 1048576K
}
Event: 9.402 GC heap before
{Heap before GC invocations=13 (full 0):
 garbage-first heap   total 155648K, used 75734K [0x0000000080000000, 0x0000000100000000)
  region size 1024K, 29 young (29696K), 4 survivors (4096K)
 Metaspace       used 58777K, capacity 60172K, committed 60236K, reserved 1101824K
  class space    used 7424K, capacity 7954K, committed 8012K, reserved 1048576K
}
Event: 9.412 GC heap after
{Heap after GC invocations=14 (full 0):
 garbage-first heap   total 187392K, used 52455K [0x0000000080000000, 0x0000000100000000)
  region size 1024K, 5 young (5120K), 5 survivors (5120K)
 Metaspace       used 58777K, capacity 60172K, committed 60236K, reserved 1101824K
  class space    used 7424K, capacity 7954K, committed 8012K, reserved 1048576K
}
Event: 10.548 GC heap before
{Heap before GC invocations=15 (full 0):
 garbage-first heap   total 187392K, used 120039K [0x0000000080000000, 0x0000000100000000)
  region size 1024K, 71 young (72704K), 5 survivors (5120K)
 Metaspace       used 65315K, capacity 66797K, committed 67020K, reserved 1107968K
  class space    used 8243K, capacity 8785K, committed 8908K, reserved 1048576K
}
Event: 10.557 GC heap after
{Heap after GC invocations=16 (full 0):
 garbage-first heap   total 187392K, used 57370K [0x0000000080000000, 0x0000000100000000)
  region size 1024K, 7 young (7168K), 7 survivors (7168K)
 Metaspace       used 65315K, capacity 66797K, committed 67020K, reserved 1107968K
  class space    used 8243K, capacity 8785K, committed 8908K, reserved 1048576K
}
Event: 11.657 GC heap before
{Heap before GC invocations=16 (full 0):
 garbage-first heap   total 187392K, used 125978K [0x0000000080000000, 0x0000000100000000)
  region size 1024K, 74 young (75776K), 7 survivors (7168K)
 Metaspace       used 70422K, capacity 72084K, committed 72396K, reserved 1112064K
  class space    used 9005K, capacity 9605K, committed 9676K, reserved 1048576K
}
Event: 11.668 GC heap after
{Heap after GC invocations=17 (full 0):
 garbage-first heap   total 187392K, used 62464K [0x0000000080000000, 0x0000000100000000)
  region size 1024K, 10 young (10240K), 10 survivors (10240K)
 Metaspace       used 70422K, capacity 72084K, committed 72396K, reserved 1112064K
  class space    used 9005K, capacity 9605K, committed 9676K, reserved 1048576K
}
Event: 13.192 GC heap before
{Heap before GC invocations=17 (full 0):
 garbage-first heap   total 187392K, used 134144K [0x0000000080000000, 0x0000000100000000)
  region size 1024K, 80 young (81920K), 10 survivors (10240K)
 Metaspace       used 76916K, capacity 78650K, committed 78796K, reserved 1118208K
  class space    used 9914K, capacity 10581K, committed 10700K, reserved 1048576K
}
Event: 13.206 GC heap after
{Heap after GC invocations=18 (full 0):
 garbage-first heap   total 187392K, used 67669K [0x0000000080000000, 0x0000000100000000)
  region size 1024K, 6 young (6144K), 6 survivors (6144K)
 Metaspace       used 76916K, capacity 78650K, committed 78796K, reserved 1118208K
  class space    used 9914K, capacity 10581K, committed 10700K, reserved 1048576K
}

