# JRE version: OpenJDK Runtime Environment (11.0.11+9) (build 11.0.11+9-b60-7590822)
# Java VM: OpenJDK 64-Bit Server VM (11.0.11+9-b60-7590822, mixed mode, tiered, compressed oops, g1 gc, windows-amd64)
Heap:
 garbage-first heap   total 458752K, used 140277K [0x0000000080000000, 0x0000000100000000)
  region size 1024K, 16 young (16384K), 16 survivors (16384K)
 Metaspace       used 105397K, capacity 107985K, committed 108236K, reserved 1142784K
  class space    used 13546K, capacity 14537K, committed 14540K, reserved 1048576K
GC Heap History (20 events):
Event: 17.412 GC heap after
{Heap after GC invocations=38 (full 0):
 garbage-first heap   total 270336K, used 126289K [0x0000000080000000, 0x0000000100000000)
  region size 1024K, 4 young (4096K), 4 survivors (4096K)
 Metaspace       used 102806K, capacity 105158K, committed 105420K, reserved 1140736K
  class space    used 13239K, capacity 14111K, committed 14284K, reserved 1048576K
}
Event: 17.636 GC heap before
{Heap before GC invocations=38 (full 0):
 garbage-first heap   total 270336K, used 220497K [0x0000000080000000, 0x0000000100000000)
  region size 1024K, 96 young (98304K), 4 survivors (4096K)
 Metaspace       used 103151K, capacity 105532K, committed 105932K, reserved 1140736K
  class space    used 13259K, capacity 14121K, committed 14284K, reserved 1048576K
}
Event: 17.645 GC heap after
{Heap after GC invocations=39 (full 0):
 garbage-first heap   total 270336K, used 127275K [0x0000000080000000, 0x0000000100000000)
  region size 1024K, 5 young (5120K), 5 survivors (5120K)
 Metaspace       used 103151K, capacity 105532K, committed 105932K, reserved 1140736K
  class space    used 13259K, capacity 14121K, committed 14284K, reserved 1048576K
}
Event: 17.995 GC heap before
{Heap before GC invocations=40 (full 0):
 garbage-first heap   total 270336K, used 223531K [0x0000000080000000, 0x0000000100000000)
  region size 1024K, 99 young (101376K), 5 survivors (5120K)
 Metaspace       used 103257K, capacity 105605K, committed 105932K, reserved 1140736K
  class space    used 13260K, capacity 14122K, committed 14284K, reserved 1048576K
}
Event: 18.011 GC heap after
{Heap after GC invocations=41 (full 0):
 garbage-first heap   total 324608K, used 127200K [0x0000000080000000, 0x0000000100000000)
  region size 1024K, 5 young (5120K), 5 survivors (5120K)
 Metaspace       used 103257K, capacity 105605K, committed 105932K, reserved 1140736K
  class space    used 13260K, capacity 14122K, committed 14284K, reserved 1048576K
}
Event: 18.327 GC heap before
{Heap before GC invocations=41 (full 0):
 garbage-first heap   total 324608K, used 259296K [0x0000000080000000, 0x0000000100000000)
  region size 1024K, 134 young (137216K), 5 survivors (5120K)
 Metaspace       used 103328K, capacity 105674K, committed 105932K, reserved 1140736K
  class space    used 13260K, capacity 14122K, committed 14284K, reserved 1048576K
}
Event: 18.334 GC heap after
{Heap after GC invocations=42 (full 0):
 garbage-first heap   total 324608K, used 128436K [0x0000000080000000, 0x0000000100000000)
  region size 1024K, 6 young (6144K), 6 survivors (6144K)
 Metaspace       used 103328K, capacity 105674K, committed 105932K, reserved 1140736K
  class space    used 13260K, capacity 14122K, committed 14284K, reserved 1048576K
}
Event: 18.694 GC heap before
{Heap before GC invocations=42 (full 0):
 garbage-first heap   total 324608K, used 271796K [0x0000000080000000, 0x0000000100000000)
  region size 1024K, 146 young (149504K), 6 survivors (6144K)
 Metaspace       used 104517K, capacity 106935K, committed 107084K, reserved 1142784K
  class space    used 13415K, capacity 14322K, committed 14412K, reserved 1048576K
}
Event: 18.705 GC heap after
{Heap after GC invocations=43 (full 0):
 garbage-first heap   total 324608K, used 130823K [0x0000000080000000, 0x0000000100000000)
  region size 1024K, 8 young (8192K), 8 survivors (8192K)
 Metaspace       used 104517K, capacity 106935K, committed 107084K, reserved 1142784K
  class space    used 13415K, capacity 14322K, committed 14412K, reserved 1048576K
}
Event: 19.106 GC heap before
{Heap before GC invocations=43 (full 0):
 garbage-first heap   total 324608K, used 278279K [0x0000000080000000, 0x0000000100000000)
  region size 1024K, 151 young (154624K), 8 survivors (8192K)
 Metaspace       used 104955K, capacity 107531K, committed 107724K, reserved 1142784K
  class space    used 13483K, capacity 14450K, committed 14540K, reserved 1048576K
}
Event: 19.117 GC heap after
{Heap after GC invocations=44 (full 0):
 garbage-first heap   total 324608K, used 130681K [0x0000000080000000, 0x0000000100000000)
  region size 1024K, 8 young (8192K), 8 survivors (8192K)
 Metaspace       used 104955K, capacity 107531K, committed 107724K, reserved 1142784K
  class space    used 13483K, capacity 14450K, committed 14540K, reserved 1048576K
}
Event: 19.454 GC heap before
{Heap before GC invocations=44 (full 0):
 garbage-first heap   total 324608K, used 280185K [0x0000000080000000, 0x0000000100000000)
  region size 1024K, 154 young (157696K), 8 survivors (8192K)
 Metaspace       used 104974K, capacity 107534K, committed 107724K, reserved 1142784K
  class space    used 13483K, capacity 14451K, committed 14540K, reserved 1048576K
}
Event: 19.466 GC heap after
{Heap after GC invocations=45 (full 0):
 garbage-first heap   total 390144K, used 132272K [0x0000000080000000, 0x0000000100000000)
  region size 1024K, 10 young (10240K), 10 survivors (10240K)
 Metaspace       used 104974K, capacity 107534K, committed 107724K, reserved 1142784K
  class space    used 13483K, capacity 14451K, committed 14540K, reserved 1048576K
}
Event: 19.875 GC heap before
{Heap before GC invocations=45 (full 0):
 garbage-first heap   total 390144K, used 314544K [0x0000000080000000, 0x0000000100000000)
  region size 1024K, 188 young (192512K), 10 survivors (10240K)
 Metaspace       used 105053K, capacity 107611K, committed 107724K, reserved 1142784K
  class space    used 13493K, capacity 14455K, committed 14540K, reserved 1048576K
}
Event: 19.885 GC heap after
{Heap after GC invocations=46 (full 0):
 garbage-first heap   total 390144K, used 133778K [0x0000000080000000, 0x0000000100000000)
  region size 1024K, 11 young (11264K), 11 survivors (11264K)
 Metaspace       used 105053K, capacity 107611K, committed 107724K, reserved 1142784K
  class space    used 13493K, capacity 14455K, committed 14540K, reserved 1048576K
}
Event: 20.298 GC heap before
{Heap before GC invocations=46 (full 0):
 garbage-first heap   total 390144K, used 334482K [0x0000000080000000, 0x0000000100000000)
  region size 1024K, 207 young (211968K), 11 survivors (11264K)
 Metaspace       used 105087K, capacity 107613K, committed 107724K, reserved 1142784K
  class space    used 13494K, capacity 14455K, committed 14540K, reserved 1048576K
}
Event: 20.311 GC heap after
{Heap after GC invocations=47 (full 0):
 garbage-first heap   total 390144K, used 135988K [0x0000000080000000, 0x0000000100000000)
  region size 1024K, 13 young (13312K), 13 survivors (13312K)
 Metaspace       used 105087K, capacity 107613K, committed 107724K, reserved 1142784K
  class space    used 13494K, capacity 14455K, committed 14540K, reserved 1048576K
}
Event: 20.726 GC heap before
{Heap before GC invocations=47 (full 0):
 garbage-first heap   total 390144K, used 336692K [0x0000000080000000, 0x0000000100000000)
  region size 1024K, 209 young (214016K), 13 survivors (13312K)
 Metaspace       used 105115K, capacity 107677K, committed 107980K, reserved 1142784K
  class space    used 13494K, capacity 14455K, committed 14540K, reserved 1048576K
}
Event: 20.741 GC heap after
{Heap after GC invocations=48 (full 0):
 garbage-first heap   total 390144K, used 138162K [0x0000000080000000, 0x0000000100000000)
  region size 1024K, 15 young (15360K), 15 survivors (15360K)
 Metaspace       used 105115K, capacity 107677K, committed 107980K, reserved 1142784K
  class space    used 13494K, capacity 14455K, committed 14540K, reserved 1048576K
}
Event: 21.268 GC heap before
{Heap before GC invocations=48 (full 0):
 garbage-first heap   total 390144K, used 333746K [0x0000000080000000, 0x0000000100000000)
  region size 1024K, 206 young (210944K), 15 survivors (15360K)
 Metaspace       used 105397K, capacity 107985K, committed 108236K, reserved 1142784K
  class space    used 13546K, capacity 14537K, committed 14540K, reserved 1048576K
}

